<?xml version="1.0" encoding="UTF-8"?>
<!-- Generated by org.testng.reporters.JUnitXMLReporter -->
<testsuite ignored="0" hostname="MSTSYS0000188" failures="1" tests="1" name="FirefoxTest" time="30.48" errors="0" timestamp="2023-03-24T14:09:26 IST">
  <testcase classname="edu.training.test.CrossBrowserTest" name="login" time="1.697">
    <failure type="org.openqa.selenium.WebDriverException" message="Reached error page: about:neterror?e=dnsNotFound&amp;amp;u=https%3A//www.amazon.in/&amp;amp;c=UTF-8&amp;amp;d=We%20can%E2%80%99t%20connect%20to%20the%20server%20at%20www.amazon.in.
Build info: version: &amp;apos;3.141.59&amp;apos;, revision: &amp;apos;e82be7d358&amp;apos;, time: &amp;apos;2018-11-14T08:17:03&amp;apos;
System info: host: &amp;apos;MSTSYS0000188&amp;apos;, ip: &amp;apos;192.168.29.178&amp;apos;, os.name: &amp;apos;Windows 10&amp;apos;, os.arch: &amp;apos;amd64&amp;apos;, os.version: &amp;apos;10.0&amp;apos;, java.version: &amp;apos;16.0.2&amp;apos;
Driver info: org.openqa.selenium.firefox.FirefoxDriver
Capabilities {acceptInsecureCerts: true, browserName: firefox, browserVersion: 111.0.1, javascriptEnabled: true, moz:accessibilityChecks: false, moz:buildID: 20230321111920, moz:geckodriverVersion: 0.32.2, moz:headless: false, moz:platformVersion: 10.0, moz:processID: 21772, moz:profile: C:\Users\AAFREE~1\AppData\L..., moz:shutdownTimeout: 60000, moz:useNonSpecCompliantPointerOrigin: false, moz:webdriverClick: true, moz:windowless: false, pageLoadStrategy: normal, platform: WINDOWS, platformName: WINDOWS, proxy: Proxy(), setWindowRect: true, strictFileInteractability: false, timeouts: {implicit: 0, pageLoad: 300000, script: 30000}, unhandledPromptBehavior: dismiss and notify}
Session ID: 5c54f0df-01fc-45e1-b96b-34a05cedcf6b">
      <![CDATA[org.openqa.selenium.WebDriverException: Reached error page: about:neterror?e=dnsNotFound&u=https%3A//www.amazon.in/&c=UTF-8&d=We%20can%E2%80%99t%20connect%20to%20the%20server%20at%20www.amazon.in.
Build info: version: '3.141.59', revision: 'e82be7d358', time: '2018-11-14T08:17:03'
System info: host: 'MSTSYS0000188', ip: '192.168.29.178', os.name: 'Windows 10', os.arch: 'amd64', os.version: '10.0', java.version: '16.0.2'
Driver info: org.openqa.selenium.firefox.FirefoxDriver
Capabilities {acceptInsecureCerts: true, browserName: firefox, browserVersion: 111.0.1, javascriptEnabled: true, moz:accessibilityChecks: false, moz:buildID: 20230321111920, moz:geckodriverVersion: 0.32.2, moz:headless: false, moz:platformVersion: 10.0, moz:processID: 21772, moz:profile: C:\Users\AAFREE~1\AppData\L..., moz:shutdownTimeout: 60000, moz:useNonSpecCompliantPointerOrigin: false, moz:webdriverClick: true, moz:windowless: false, pageLoadStrategy: normal, platform: WINDOWS, platformName: WINDOWS, proxy: Proxy(), setWindowRect: true, strictFileInteractability: false, timeouts: {implicit: 0, pageLoad: 300000, script: 30000}, unhandledPromptBehavior: dismiss and notify}
Session ID: 5c54f0df-01fc-45e1-b96b-34a05cedcf6b
at org.openqa.selenium.remote.http.W3CHttpResponseCodec.createException(W3CHttpResponseCodec.java:187)
at org.openqa.selenium.remote.http.W3CHttpResponseCodec.decode(W3CHttpResponseCodec.java:122)
at org.openqa.selenium.remote.http.W3CHttpResponseCodec.decode(W3CHttpResponseCodec.java:49)
at org.openqa.selenium.remote.HttpCommandExecutor.execute(HttpCommandExecutor.java:158)
at org.openqa.selenium.remote.service.DriverCommandExecutor.execute(DriverCommandExecutor.java:83)
at org.openqa.selenium.remote.RemoteWebDriver.execute(RemoteWebDriver.java:552)
at org.openqa.selenium.remote.RemoteWebDriver.get(RemoteWebDriver.java:277)
at edu.training.base.BaseClass.sendUrl(BaseClass.java:62)
at edu.training.test.CrossBrowserTest.login(CrossBrowserTest.java:35)
at java.base/java.util.ArrayList.forEach(ArrayList.java:1511)
at java.base/java.util.concurrent.FutureTask.run(FutureTask.java:264)
at java.base/java.util.concurrent.ThreadPoolExecutor.runWorker(ThreadPoolExecutor.java:1130)
at java.base/java.util.concurrent.ThreadPoolExecutor$Worker.run(ThreadPoolExecutor.java:630)
at java.base/java.lang.Thread.run(Thread.java:831)
... Removed 22 stack frames]]>
    </failure>
  </testcase> <!-- login -->
</testsuite> <!-- FirefoxTest -->
