<?xml version="1.0" encoding="UTF-8"?>
<testng-results ignored="0" total="3" passed="3" failed="0" skipped="0">
  <reporter-output>
  </reporter-output>
  <suite started-at="2023-03-24T12:51:48 IST" name="Suite" finished-at="2023-03-24T12:52:29 IST" duration-ms="41259">
    <groups>
    </groups>
    <test started-at="2023-03-24T12:51:48 IST" name="ChromeTest" finished-at="2023-03-24T12:52:04 IST" duration-ms="16080">
      <class name="edu.training.test.CrossBrowserTest">
        <test-method is-config="true" signature="browserInvoke(java.lang.String)[pri:0, instance:edu.training.test.CrossBrowserTest@4d154ccd]" started-at="2023-03-24T12:51:48 IST" name="browserInvoke" finished-at="2023-03-24T12:51:52 IST" duration-ms="3917" status="PASS">
          <params>
            <param index="0">
              <value>
                <![CDATA[chrome]]>
              </value>
            </param>
          </params>
          <reporter-output>
          </reporter-output>
        </test-method> <!-- browserInvoke -->
        <test-method signature="login()[pri:0, instance:edu.training.test.CrossBrowserTest@4d154ccd]" started-at="2023-03-24T12:51:52 IST" name="login" finished-at="2023-03-24T12:52:04 IST" duration-ms="12104" status="PASS">
          <reporter-output>
          </reporter-output>
        </test-method> <!-- login -->
      </class> <!-- edu.training.test.CrossBrowserTest -->
    </test> <!-- ChromeTest -->
    <test started-at="2023-03-24T12:51:48 IST" name="EdgeTest" finished-at="2023-03-24T12:52:14 IST" duration-ms="26119">
      <class name="edu.training.test.CrossBrowserTest">
        <test-method is-config="true" signature="browserInvoke(java.lang.String)[pri:0, instance:edu.training.test.CrossBrowserTest@25ce9dc4]" started-at="2023-03-24T12:51:48 IST" name="browserInvoke" finished-at="2023-03-24T12:51:55 IST" duration-ms="7048" status="PASS">
          <params>
            <param index="0">
              <value>
                <![CDATA[edge]]>
              </value>
            </param>
          </params>
          <reporter-output>
          </reporter-output>
        </test-method> <!-- browserInvoke -->
        <test-method signature="login()[pri:0, instance:edu.training.test.CrossBrowserTest@25ce9dc4]" started-at="2023-03-24T12:51:55 IST" name="login" finished-at="2023-03-24T12:52:14 IST" duration-ms="19036" status="PASS">
          <reporter-output>
          </reporter-output>
        </test-method> <!-- login -->
      </class> <!-- edu.training.test.CrossBrowserTest -->
    </test> <!-- EdgeTest -->
    <test started-at="2023-03-24T12:51:48 IST" name="FirefoxTest" finished-at="2023-03-24T12:52:29 IST" duration-ms="41259">
      <class name="edu.training.test.CrossBrowserTest">
        <test-method is-config="true" signature="setExtent()[pri:0, instance:edu.training.test.CrossBrowserTest@2af004b]" started-at="2023-03-24T12:51:48 IST" name="setExtent" finished-at="2023-03-24T12:51:48 IST" duration-ms="252" status="PASS">
          <reporter-output>
          </reporter-output>
        </test-method> <!-- setExtent -->
        <test-method is-config="true" signature="browserInvoke(java.lang.String)[pri:0, instance:edu.training.test.CrossBrowserTest@2af004b]" started-at="2023-03-24T12:51:48 IST" name="browserInvoke" finished-at="2023-03-24T12:52:00 IST" duration-ms="11917" status="PASS">
          <params>
            <param index="0">
              <value>
                <![CDATA[firefox]]>
              </value>
            </param>
          </params>
          <reporter-output>
          </reporter-output>
        </test-method> <!-- browserInvoke -->
        <test-method signature="login()[pri:0, instance:edu.training.test.CrossBrowserTest@2af004b]" started-at="2023-03-24T12:52:00 IST" name="login" finished-at="2023-03-24T12:52:29 IST" duration-ms="29305" status="PASS">
          <reporter-output>
          </reporter-output>
        </test-method> <!-- login -->
      </class> <!-- edu.training.test.CrossBrowserTest -->
    </test> <!-- FirefoxTest -->
  </suite> <!-- Suite -->
</testng-results>
